<?xml version="1.0" encoding="UTF-8"?>
<!-- Generated by org.testng.reporters.JUnitReportReporter -->
<testsuite skipped="0" hostname="LAPTOP-ECCE3OFG" name="com.automationpractice.testsuite.DeletionTest" tests="1" failures="0" timestamp="26 Dec 2021 21:26:48 GMT" time="18.003" errors="0">
  <testcase name="userShouldAbleToDeleteAnItemFromBasket" time="18.003" classname="com.automationpractice.testsuite.DeletionTest"/>
</testsuite> <!-- com.automationpractice.testsuite.DeletionTest -->
