<?xml version="1.0" encoding="UTF-8"?>
<!-- Generated by org.testng.reporters.JUnitReportReporter -->
<testsuite skipped="0" hostname="LAPTOP-ECCE3OFG" name="com.automationpractice.testsuite.CreateAccountTest" tests="2" failures="0" timestamp="26 Dec 2021 21:26:48 GMT" time="26.400" errors="0">
  <testcase name="userWillGetAnErrorMessageWhileCreatingAccountWithInvalidDetails" time="11.211" classname="com.automationpractice.testsuite.CreateAccountTest"/>
  <testcase name="customerCanCreateANewAccountUsingValidDetails" time="15.189" classname="com.automationpractice.testsuite.CreateAccountTest"/>
</testsuite> <!-- com.automationpractice.testsuite.CreateAccountTest -->
